app/build/intermediates/manifest_merge_blame_file/debug/manifest-merger-blame-debug-report.txt
1<?xml version="1.0" encoding="utf-8"?>
2<manifest xmlns:android="http://schemas.android.com/apk/res/android"
3    package="com.example.angodafake"
4    android:versionCode="1"
5    android:versionName="1.0" >
6
7    <uses-sdk
8        android:minSdkVersion="24"
9        android:targetSdkVersion="34" />
10
11    <uses-feature
11-->src/main/AndroidManifest.xml:5:5-85
12        android:name="android.hardware.camera"
12-->src/main/AndroidManifest.xml:5:19-57
13        android:required="false" />
13-->src/main/AndroidManifest.xml:5:58-82
14
15    <uses-permission android:name="android.permission.INTERNET" />
15-->src/main/AndroidManifest.xml:6:5-67
15-->src/main/AndroidManifest.xml:6:22-64
16    <uses-permission android:name="android.permission.ACCESS_NETWORK_STATE" />
16-->src/main/AndroidManifest.xml:7:5-79
16-->src/main/AndroidManifest.xml:7:22-76
17    <uses-permission android:name="android.permission.ACCESS_WIFI_STATE" />
17-->src/main/AndroidManifest.xml:8:5-76
17-->src/main/AndroidManifest.xml:8:22-73
18
19    <uses-feature
19-->[com.google.android.gms:play-services-maps:18.2.0] AndroidManifest.xml:26:5-28:35
20        android:glEsVersion="0x00020000"
20-->[com.google.android.gms:play-services-maps:18.2.0] AndroidManifest.xml:27:9-41
21        android:required="true" />
21-->[com.google.android.gms:play-services-maps:18.2.0] AndroidManifest.xml:28:9-32
22
23    <queries>
23-->[com.google.android.gms:play-services-maps:18.2.0] AndroidManifest.xml:30:5-34:15
24
25        <!-- Needs to be explicitly declared on Android R+ -->
26        <package android:name="com.google.android.apps.maps" />
26-->[com.google.android.gms:play-services-maps:18.2.0] AndroidManifest.xml:33:9-64
26-->[com.google.android.gms:play-services-maps:18.2.0] AndroidManifest.xml:33:18-61
27        <package android:name="com.mservice.momotransfer" />
27-->[com.github.momo-wallet:mobile-sdk:1.0.7] AndroidManifest.xml:14:9-61
27-->[com.github.momo-wallet:mobile-sdk:1.0.7] AndroidManifest.xml:14:18-58
28        <package android:name="vn.momo.platform.test" />
28-->[com.github.momo-wallet:mobile-sdk:1.0.7] AndroidManifest.xml:15:9-57
28-->[com.github.momo-wallet:mobile-sdk:1.0.7] AndroidManifest.xml:15:18-54
29    </queries>
30
31    <uses-permission android:name="com.google.android.providers.gsf.permission.READ_GSERVICES" />
31-->[com.google.android.recaptcha:recaptcha:18.4.0] AndroidManifest.xml:9:5-98
31-->[com.google.android.recaptcha:recaptcha:18.4.0] AndroidManifest.xml:9:22-95
32
33    <permission
33-->[androidx.core:core:1.13.0] AndroidManifest.xml:22:5-24:47
34        android:name="com.example.angodafake.DYNAMIC_RECEIVER_NOT_EXPORTED_PERMISSION"
34-->[androidx.core:core:1.13.0] AndroidManifest.xml:23:9-81
35        android:protectionLevel="signature" />
35-->[androidx.core:core:1.13.0] AndroidManifest.xml:24:9-44
36
37    <uses-permission android:name="com.example.angodafake.DYNAMIC_RECEIVER_NOT_EXPORTED_PERMISSION" />
37-->[androidx.core:core:1.13.0] AndroidManifest.xml:26:5-97
37-->[androidx.core:core:1.13.0] AndroidManifest.xml:26:22-94
38    <uses-permission android:name="android.permission.CAMERA" />
38-->[com.journeyapps:zxing-android-embedded:4.3.0] AndroidManifest.xml:22:5-65
38-->[com.journeyapps:zxing-android-embedded:4.3.0] AndroidManifest.xml:22:22-62
39
40    <uses-feature
40-->[com.journeyapps:zxing-android-embedded:4.3.0] AndroidManifest.xml:28:5-30:36
41        android:name="android.hardware.camera.front"
41-->[com.journeyapps:zxing-android-embedded:4.3.0] AndroidManifest.xml:29:9-53
42        android:required="false" /> <!-- TODO replace above two with next line after Android 4.2 -->
42-->[com.journeyapps:zxing-android-embedded:4.3.0] AndroidManifest.xml:30:9-33
43    <!-- <uses-feature android:name="android.hardware.camera.any"/> -->
44    <uses-feature
44-->[com.journeyapps:zxing-android-embedded:4.3.0] AndroidManifest.xml:33:5-35:36
45        android:name="android.hardware.camera.autofocus"
45-->[com.journeyapps:zxing-android-embedded:4.3.0] AndroidManifest.xml:34:9-57
46        android:required="false" />
46-->[com.journeyapps:zxing-android-embedded:4.3.0] AndroidManifest.xml:35:9-33
47    <uses-feature
47-->[com.journeyapps:zxing-android-embedded:4.3.0] AndroidManifest.xml:36:5-38:36
48        android:name="android.hardware.camera.flash"
48-->[com.journeyapps:zxing-android-embedded:4.3.0] AndroidManifest.xml:37:9-53
49        android:required="false" />
49-->[com.journeyapps:zxing-android-embedded:4.3.0] AndroidManifest.xml:38:9-33
50    <uses-feature
50-->[com.journeyapps:zxing-android-embedded:4.3.0] AndroidManifest.xml:39:5-41:36
51        android:name="android.hardware.screen.landscape"
51-->[com.journeyapps:zxing-android-embedded:4.3.0] AndroidManifest.xml:40:9-57
52        android:required="false" />
52-->[com.journeyapps:zxing-android-embedded:4.3.0] AndroidManifest.xml:41:9-33
53    <uses-feature
53-->[com.journeyapps:zxing-android-embedded:4.3.0] AndroidManifest.xml:42:5-44:36
54        android:name="android.hardware.wifi"
54-->[com.journeyapps:zxing-android-embedded:4.3.0] AndroidManifest.xml:43:9-45
55        android:required="false" />
55-->[com.journeyapps:zxing-android-embedded:4.3.0] AndroidManifest.xml:44:9-33
56
57    <application
57-->src/main/AndroidManifest.xml:10:5-102:19
58        android:allowBackup="true"
58-->src/main/AndroidManifest.xml:11:9-35
59        android:appComponentFactory="androidx.core.app.CoreComponentFactory"
59-->[androidx.core:core:1.13.0] AndroidManifest.xml:28:18-86
60        android:dataExtractionRules="@xml/data_extraction_rules"
60-->src/main/AndroidManifest.xml:12:9-65
61        android:debuggable="true"
62        android:enableOnBackInvokedCallback="true"
62-->src/main/AndroidManifest.xml:13:9-51
63        android:extractNativeLibs="false"
64        android:fullBackupContent="@xml/backup_rules"
64-->src/main/AndroidManifest.xml:14:9-54
65        android:hardwareAccelerated="true"
65-->[com.github.momo-wallet:mobile-sdk:1.0.7] AndroidManifest.xml:19:9-43
66        android:icon="@drawable/logo"
66-->src/main/AndroidManifest.xml:15:9-38
67        android:label="@string/app_name"
67-->src/main/AndroidManifest.xml:16:9-41
68        android:roundIcon="@mipmap/ic_launcher_round"
68-->src/main/AndroidManifest.xml:17:9-54
69        android:supportsRtl="true"
69-->src/main/AndroidManifest.xml:18:9-35
70        android:testOnly="true"
71        android:theme="@style/Theme.AngodaFake" >
71-->src/main/AndroidManifest.xml:19:9-48
72        <activity
72-->src/main/AndroidManifest.xml:22:9-24:40
73            android:name="com.example.angodafake.ScanQRCodeActivity"
73-->src/main/AndroidManifest.xml:23:13-47
74            android:exported="false" />
74-->src/main/AndroidManifest.xml:24:13-37
75        <activity
75-->src/main/AndroidManifest.xml:25:9-27:40
76            android:name="com.example.angodafake.MyCommentForm"
76-->src/main/AndroidManifest.xml:26:13-42
77            android:exported="false" />
77-->src/main/AndroidManifest.xml:27:13-37
78        <activity
78-->src/main/AndroidManifest.xml:28:9-30:40
79            android:name="com.example.angodafake.MyComment"
79-->src/main/AndroidManifest.xml:29:13-38
80            android:exported="false" />
80-->src/main/AndroidManifest.xml:30:13-37
81        <activity
81-->src/main/AndroidManifest.xml:31:9-33:40
82            android:name="com.example.angodafake.Hotel_comment"
82-->src/main/AndroidManifest.xml:32:13-42
83            android:exported="false" />
83-->src/main/AndroidManifest.xml:33:13-37
84        <activity
84-->src/main/AndroidManifest.xml:34:9-36:40
85            android:name="com.example.angodafake.VoucherEditForm"
85-->src/main/AndroidManifest.xml:35:13-44
86            android:exported="false" />
86-->src/main/AndroidManifest.xml:36:13-37
87        <activity
87-->src/main/AndroidManifest.xml:37:9-39:40
88            android:name="com.example.angodafake.VoucherList"
88-->src/main/AndroidManifest.xml:38:13-40
89            android:exported="false" />
89-->src/main/AndroidManifest.xml:39:13-37
90        <activity
90-->src/main/AndroidManifest.xml:40:9-42:40
91            android:name="com.example.angodafake.VoucherAddForm"
91-->src/main/AndroidManifest.xml:41:13-43
92            android:exported="false" />
92-->src/main/AndroidManifest.xml:42:13-37
93        <activity
93-->src/main/AndroidManifest.xml:43:9-45:40
94            android:name="com.example.angodafake.HotelOfManagementVoucher"
94-->src/main/AndroidManifest.xml:44:13-53
95            android:exported="false" />
95-->src/main/AndroidManifest.xml:45:13-37
96        <activity
96-->src/main/AndroidManifest.xml:46:9-48:40
97            android:name="com.example.angodafake.Adapter.VoucherAdapter"
97-->src/main/AndroidManifest.xml:47:13-51
98            android:exported="false" />
98-->src/main/AndroidManifest.xml:48:13-37
99        <activity
99-->src/main/AndroidManifest.xml:49:9-51:40
100            android:name="com.example.angodafake.BookRoom"
100-->src/main/AndroidManifest.xml:50:13-37
101            android:exported="false" />
101-->src/main/AndroidManifest.xml:51:13-37
102
103        <meta-data
103-->src/main/AndroidManifest.xml:53:9-55:71
104            android:name="com.google.android.geo.API_KEY"
104-->src/main/AndroidManifest.xml:54:13-58
105            android:value="AIzaSyAkdyZlma94xlEhyGvEsx56ccQdcU9pJ2g" />
105-->src/main/AndroidManifest.xml:55:13-68
106        <meta-data
106-->src/main/AndroidManifest.xml:56:9-58:39
107            android:name="com.google.android.gms.version"
107-->src/main/AndroidManifest.xml:57:13-58
108            android:exported="true"
108-->src/main/AndroidManifest.xml:58:13-36
109            android:value="@integer/google_play_services_version" />
109-->[com.google.android.gms:play-services-basement:18.3.0] AndroidManifest.xml:23:13-66
110
111        <activity
111-->src/main/AndroidManifest.xml:60:9-62:40
112            android:name="com.example.angodafake.PastCancelPurchaseDetail"
112-->src/main/AndroidManifest.xml:61:13-53
113            android:exported="false" />
113-->src/main/AndroidManifest.xml:62:13-37
114        <activity
114-->src/main/AndroidManifest.xml:63:9-65:40
115            android:name="com.example.angodafake.ActivePurchaseDetail"
115-->src/main/AndroidManifest.xml:64:13-49
116            android:exported="false" />
116-->src/main/AndroidManifest.xml:65:13-37
117        <activity
117-->src/main/AndroidManifest.xml:66:9-68:40
118            android:name="com.example.angodafake.CancelPurchase"
118-->src/main/AndroidManifest.xml:67:13-43
119            android:exported="false" />
119-->src/main/AndroidManifest.xml:68:13-37
120        <activity
120-->src/main/AndroidManifest.xml:69:9-71:40
121            android:name="com.example.angodafake.SignUpActivity"
121-->src/main/AndroidManifest.xml:70:13-43
122            android:exported="false" />
122-->src/main/AndroidManifest.xml:71:13-37
123        <activity
123-->src/main/AndroidManifest.xml:72:9-74:40
124            android:name="com.example.angodafake.LoginActivity"
124-->src/main/AndroidManifest.xml:73:13-42
125            android:exported="false" />
125-->src/main/AndroidManifest.xml:74:13-37
126        <activity
126-->src/main/AndroidManifest.xml:75:9-77:40
127            android:name="com.example.angodafake.MainActivity"
127-->src/main/AndroidManifest.xml:76:13-41
128            android:exported="false" />
128-->src/main/AndroidManifest.xml:77:13-37
129        <activity
129-->src/main/AndroidManifest.xml:78:9-86:20
130            android:name="com.example.angodafake.SplashActivity"
130-->src/main/AndroidManifest.xml:79:13-43
131            android:exported="true" >
131-->src/main/AndroidManifest.xml:80:13-36
132            <intent-filter>
132-->src/main/AndroidManifest.xml:81:13-85:29
133                <action android:name="android.intent.action.MAIN" />
133-->src/main/AndroidManifest.xml:82:17-69
133-->src/main/AndroidManifest.xml:82:25-66
134
135                <category android:name="android.intent.category.LAUNCHER" />
135-->src/main/AndroidManifest.xml:84:17-77
135-->src/main/AndroidManifest.xml:84:27-74
136            </intent-filter>
137        </activity>
138        <activity
138-->src/main/AndroidManifest.xml:87:9-89:40
139            android:name="com.example.angodafake.Filter"
139-->src/main/AndroidManifest.xml:88:13-35
140            android:exported="false" />
140-->src/main/AndroidManifest.xml:89:13-37
141        <activity
141-->src/main/AndroidManifest.xml:90:9-92:40
142            android:name="com.example.angodafake.FilerDetail"
142-->src/main/AndroidManifest.xml:91:13-40
143            android:exported="false" />
143-->src/main/AndroidManifest.xml:92:13-37
144        <activity
144-->src/main/AndroidManifest.xml:93:9-95:40
145            android:name="com.example.angodafake.Hotel_infor"
145-->src/main/AndroidManifest.xml:94:13-40
146            android:exported="false" />
146-->src/main/AndroidManifest.xml:95:13-37
147        <activity
147-->src/main/AndroidManifest.xml:96:9-98:40
148            android:name="com.example.angodafake.ListRoom"
148-->src/main/AndroidManifest.xml:97:13-37
149            android:exported="false" />
149-->src/main/AndroidManifest.xml:98:13-37
150        <activity
150-->src/main/AndroidManifest.xml:99:9-101:40
151            android:name="com.example.angodafake.MapsFragment"
151-->src/main/AndroidManifest.xml:100:13-41
152            android:exported="false" />
152-->src/main/AndroidManifest.xml:101:13-37
153
154        <service
154-->[com.google.firebase:firebase-storage:20.3.0] AndroidManifest.xml:27:9-36:19
155            android:name="com.google.firebase.components.ComponentDiscoveryService"
155-->[com.google.firebase:firebase-storage:20.3.0] AndroidManifest.xml:28:13-84
156            android:directBootAware="true"
156-->[com.google.firebase:firebase-common:20.4.3] AndroidManifest.xml:32:13-43
157            android:exported="false" >
157-->[com.google.firebase:firebase-storage:20.3.0] AndroidManifest.xml:29:13-37
158            <meta-data
158-->[com.google.firebase:firebase-storage:20.3.0] AndroidManifest.xml:30:13-32:85
159                android:name="com.google.firebase.components:com.google.firebase.storage.FirebaseStorageKtxRegistrar"
159-->[com.google.firebase:firebase-storage:20.3.0] AndroidManifest.xml:31:17-118
160                android:value="com.google.firebase.components.ComponentRegistrar" />
160-->[com.google.firebase:firebase-storage:20.3.0] AndroidManifest.xml:32:17-82
161            <meta-data
161-->[com.google.firebase:firebase-storage:20.3.0] AndroidManifest.xml:33:13-35:85
162                android:name="com.google.firebase.components:com.google.firebase.storage.StorageRegistrar"
162-->[com.google.firebase:firebase-storage:20.3.0] AndroidManifest.xml:34:17-107
163                android:value="com.google.firebase.components.ComponentRegistrar" />
163-->[com.google.firebase:firebase-storage:20.3.0] AndroidManifest.xml:35:17-82
164            <meta-data
164-->[com.google.firebase:firebase-auth-ktx:22.3.1] AndroidManifest.xml:11:13-13:85
165                android:name="com.google.firebase.components:com.google.firebase.auth.ktx.FirebaseAuthLegacyRegistrar"
165-->[com.google.firebase:firebase-auth-ktx:22.3.1] AndroidManifest.xml:12:17-119
166                android:value="com.google.firebase.components.ComponentRegistrar" />
166-->[com.google.firebase:firebase-auth-ktx:22.3.1] AndroidManifest.xml:13:17-82
167            <meta-data
167-->[com.google.firebase:firebase-auth:22.3.1] AndroidManifest.xml:69:13-71:85
168                android:name="com.google.firebase.components:com.google.firebase.auth.FirebaseAuthRegistrar"
168-->[com.google.firebase:firebase-auth:22.3.1] AndroidManifest.xml:70:17-109
169                android:value="com.google.firebase.components.ComponentRegistrar" />
169-->[com.google.firebase:firebase-auth:22.3.1] AndroidManifest.xml:71:17-82
170            <meta-data
170-->[com.google.firebase:firebase-database-ktx:20.3.1] AndroidManifest.xml:12:13-14:85
171                android:name="com.google.firebase.components:com.google.firebase.database.ktx.FirebaseDatabaseLegacyRegistrar"
171-->[com.google.firebase:firebase-database-ktx:20.3.1] AndroidManifest.xml:13:17-127
172                android:value="com.google.firebase.components.ComponentRegistrar" />
172-->[com.google.firebase:firebase-database-ktx:20.3.1] AndroidManifest.xml:14:17-82
173            <meta-data
173-->[com.google.firebase:firebase-appcheck:17.1.2] AndroidManifest.xml:25:13-27:85
174                android:name="com.google.firebase.components:com.google.firebase.appcheck.FirebaseAppCheckKtxRegistrar"
174-->[com.google.firebase:firebase-appcheck:17.1.2] AndroidManifest.xml:26:17-120
175                android:value="com.google.firebase.components.ComponentRegistrar" />
175-->[com.google.firebase:firebase-appcheck:17.1.2] AndroidManifest.xml:27:17-82
176            <meta-data
176-->[com.google.firebase:firebase-appcheck:17.1.2] AndroidManifest.xml:28:13-30:85
177                android:name="com.google.firebase.components:com.google.firebase.appcheck.FirebaseAppCheckRegistrar"
177-->[com.google.firebase:firebase-appcheck:17.1.2] AndroidManifest.xml:29:17-117
178                android:value="com.google.firebase.components.ComponentRegistrar" />
178-->[com.google.firebase:firebase-appcheck:17.1.2] AndroidManifest.xml:30:17-82
179            <meta-data
179-->[com.google.firebase:firebase-database:20.3.1] AndroidManifest.xml:29:13-31:85
180                android:name="com.google.firebase.components:com.google.firebase.database.FirebaseDatabaseKtxRegistrar"
180-->[com.google.firebase:firebase-database:20.3.1] AndroidManifest.xml:30:17-120
181                android:value="com.google.firebase.components.ComponentRegistrar" />
181-->[com.google.firebase:firebase-database:20.3.1] AndroidManifest.xml:31:17-82
182            <meta-data
182-->[com.google.firebase:firebase-database:20.3.1] AndroidManifest.xml:32:13-34:85
183                android:name="com.google.firebase.components:com.google.firebase.database.DatabaseRegistrar"
183-->[com.google.firebase:firebase-database:20.3.1] AndroidManifest.xml:33:17-109
184                android:value="com.google.firebase.components.ComponentRegistrar" />
184-->[com.google.firebase:firebase-database:20.3.1] AndroidManifest.xml:34:17-82
185            <meta-data
185-->[com.google.firebase:firebase-common-ktx:20.4.3] AndroidManifest.xml:12:13-14:85
186                android:name="com.google.firebase.components:com.google.firebase.ktx.FirebaseCommonLegacyRegistrar"
186-->[com.google.firebase:firebase-common-ktx:20.4.3] AndroidManifest.xml:13:17-116
187                android:value="com.google.firebase.components.ComponentRegistrar" />
187-->[com.google.firebase:firebase-common-ktx:20.4.3] AndroidManifest.xml:14:17-82
188            <meta-data
188-->[com.google.firebase:firebase-common:20.4.3] AndroidManifest.xml:35:13-37:85
189                android:name="com.google.firebase.components:com.google.firebase.FirebaseCommonKtxRegistrar"
189-->[com.google.firebase:firebase-common:20.4.3] AndroidManifest.xml:36:17-109
190                android:value="com.google.firebase.components.ComponentRegistrar" />
190-->[com.google.firebase:firebase-common:20.4.3] AndroidManifest.xml:37:17-82
191        </service>
192
193        <provider
193-->[androidx.emoji2:emoji2:1.2.0] AndroidManifest.xml:24:9-32:20
194            android:name="androidx.startup.InitializationProvider"
194-->[androidx.emoji2:emoji2:1.2.0] AndroidManifest.xml:25:13-67
195            android:authorities="com.example.angodafake.androidx-startup"
195-->[androidx.emoji2:emoji2:1.2.0] AndroidManifest.xml:26:13-68
196            android:exported="false" >
196-->[androidx.emoji2:emoji2:1.2.0] AndroidManifest.xml:27:13-37
197            <meta-data
197-->[androidx.emoji2:emoji2:1.2.0] AndroidManifest.xml:29:13-31:52
198                android:name="androidx.emoji2.text.EmojiCompatInitializer"
198-->[androidx.emoji2:emoji2:1.2.0] AndroidManifest.xml:30:17-75
199                android:value="androidx.startup" />
199-->[androidx.emoji2:emoji2:1.2.0] AndroidManifest.xml:31:17-49
200            <meta-data
200-->[androidx.lifecycle:lifecycle-process:2.6.2] AndroidManifest.xml:29:13-31:52
201                android:name="androidx.lifecycle.ProcessLifecycleInitializer"
201-->[androidx.lifecycle:lifecycle-process:2.6.2] AndroidManifest.xml:30:17-78
202                android:value="androidx.startup" />
202-->[androidx.lifecycle:lifecycle-process:2.6.2] AndroidManifest.xml:31:17-49
203            <meta-data
203-->[androidx.profileinstaller:profileinstaller:1.3.0] AndroidManifest.xml:29:13-31:52
204                android:name="androidx.profileinstaller.ProfileInstallerInitializer"
204-->[androidx.profileinstaller:profileinstaller:1.3.0] AndroidManifest.xml:30:17-85
205                android:value="androidx.startup" />
205-->[androidx.profileinstaller:profileinstaller:1.3.0] AndroidManifest.xml:31:17-49
206        </provider> <!-- Needs to be explicitly declared on P+ -->
207        <uses-library
207-->[com.google.android.gms:play-services-maps:18.2.0] AndroidManifest.xml:39:9-41:40
208            android:name="org.apache.http.legacy"
208-->[com.google.android.gms:play-services-maps:18.2.0] AndroidManifest.xml:40:13-50
209            android:required="false" />
209-->[com.google.android.gms:play-services-maps:18.2.0] AndroidManifest.xml:41:13-37
210
211        <activity
211-->[com.google.firebase:firebase-auth:22.3.1] AndroidManifest.xml:29:9-46:20
212            android:name="com.google.firebase.auth.internal.GenericIdpActivity"
212-->[com.google.firebase:firebase-auth:22.3.1] AndroidManifest.xml:30:13-80
213            android:excludeFromRecents="true"
213-->[com.google.firebase:firebase-auth:22.3.1] AndroidManifest.xml:31:13-46
214            android:exported="true"
214-->[com.google.firebase:firebase-auth:22.3.1] AndroidManifest.xml:32:13-36
215            android:launchMode="singleTask"
215-->[com.google.firebase:firebase-auth:22.3.1] AndroidManifest.xml:33:13-44
216            android:theme="@android:style/Theme.Translucent.NoTitleBar" >
216-->[com.google.firebase:firebase-auth:22.3.1] AndroidManifest.xml:34:13-72
217            <intent-filter>
217-->[com.google.firebase:firebase-auth:22.3.1] AndroidManifest.xml:35:13-45:29
218                <action android:name="android.intent.action.VIEW" />
218-->[com.google.firebase:firebase-auth:22.3.1] AndroidManifest.xml:36:17-69
218-->[com.google.firebase:firebase-auth:22.3.1] AndroidManifest.xml:36:25-66
219
220                <category android:name="android.intent.category.DEFAULT" />
220-->[com.google.firebase:firebase-auth:22.3.1] AndroidManifest.xml:38:17-76
220-->[com.google.firebase:firebase-auth:22.3.1] AndroidManifest.xml:38:27-73
221                <category android:name="android.intent.category.BROWSABLE" />
221-->[com.google.firebase:firebase-auth:22.3.1] AndroidManifest.xml:39:17-78
221-->[com.google.firebase:firebase-auth:22.3.1] AndroidManifest.xml:39:27-75
222
223                <data
223-->[com.google.firebase:firebase-auth:22.3.1] AndroidManifest.xml:41:17-44:51
224                    android:host="firebase.auth"
224-->[com.google.firebase:firebase-auth:22.3.1] AndroidManifest.xml:42:21-49
225                    android:path="/"
225-->[com.google.firebase:firebase-auth:22.3.1] AndroidManifest.xml:43:21-37
226                    android:scheme="genericidp" />
226-->[com.google.firebase:firebase-auth:22.3.1] AndroidManifest.xml:44:21-48
227            </intent-filter>
228        </activity>
229        <activity
229-->[com.google.firebase:firebase-auth:22.3.1] AndroidManifest.xml:47:9-64:20
230            android:name="com.google.firebase.auth.internal.RecaptchaActivity"
230-->[com.google.firebase:firebase-auth:22.3.1] AndroidManifest.xml:48:13-79
231            android:excludeFromRecents="true"
231-->[com.google.firebase:firebase-auth:22.3.1] AndroidManifest.xml:49:13-46
232            android:exported="true"
232-->[com.google.firebase:firebase-auth:22.3.1] AndroidManifest.xml:50:13-36
233            android:launchMode="singleTask"
233-->[com.google.firebase:firebase-auth:22.3.1] AndroidManifest.xml:51:13-44
234            android:theme="@android:style/Theme.Translucent.NoTitleBar" >
234-->[com.google.firebase:firebase-auth:22.3.1] AndroidManifest.xml:52:13-72
235            <intent-filter>
235-->[com.google.firebase:firebase-auth:22.3.1] AndroidManifest.xml:53:13-63:29
236                <action android:name="android.intent.action.VIEW" />
236-->[com.google.firebase:firebase-auth:22.3.1] AndroidManifest.xml:36:17-69
236-->[com.google.firebase:firebase-auth:22.3.1] AndroidManifest.xml:36:25-66
237
238                <category android:name="android.intent.category.DEFAULT" />
238-->[com.google.firebase:firebase-auth:22.3.1] AndroidManifest.xml:38:17-76
238-->[com.google.firebase:firebase-auth:22.3.1] AndroidManifest.xml:38:27-73
239                <category android:name="android.intent.category.BROWSABLE" />
239-->[com.google.firebase:firebase-auth:22.3.1] AndroidManifest.xml:39:17-78
239-->[com.google.firebase:firebase-auth:22.3.1] AndroidManifest.xml:39:27-75
240
241                <data
241-->[com.google.firebase:firebase-auth:22.3.1] AndroidManifest.xml:41:17-44:51
242                    android:host="firebase.auth"
242-->[com.google.firebase:firebase-auth:22.3.1] AndroidManifest.xml:42:21-49
243                    android:path="/"
243-->[com.google.firebase:firebase-auth:22.3.1] AndroidManifest.xml:43:21-37
244                    android:scheme="recaptcha" />
244-->[com.google.firebase:firebase-auth:22.3.1] AndroidManifest.xml:44:21-48
245            </intent-filter>
246        </activity>
247
248        <provider
248-->[com.google.firebase:firebase-common:20.4.3] AndroidManifest.xml:23:9-28:39
249            android:name="com.google.firebase.provider.FirebaseInitProvider"
249-->[com.google.firebase:firebase-common:20.4.3] AndroidManifest.xml:24:13-77
250            android:authorities="com.example.angodafake.firebaseinitprovider"
250-->[com.google.firebase:firebase-common:20.4.3] AndroidManifest.xml:25:13-72
251            android:directBootAware="true"
251-->[com.google.firebase:firebase-common:20.4.3] AndroidManifest.xml:26:13-43
252            android:exported="false"
252-->[com.google.firebase:firebase-common:20.4.3] AndroidManifest.xml:27:13-37
253            android:initOrder="100" />
253-->[com.google.firebase:firebase-common:20.4.3] AndroidManifest.xml:28:13-36
254
255        <activity
255-->[com.google.android.gms:play-services-base:18.1.0] AndroidManifest.xml:20:9-22:45
256            android:name="com.google.android.gms.common.api.GoogleApiActivity"
256-->[com.google.android.gms:play-services-base:18.1.0] AndroidManifest.xml:20:19-85
257            android:exported="false"
257-->[com.google.android.gms:play-services-base:18.1.0] AndroidManifest.xml:22:19-43
258            android:theme="@android:style/Theme.Translucent.NoTitleBar" />
258-->[com.google.android.gms:play-services-base:18.1.0] AndroidManifest.xml:21:19-78
259
260        <receiver
260-->[androidx.profileinstaller:profileinstaller:1.3.0] AndroidManifest.xml:34:9-52:20
261            android:name="androidx.profileinstaller.ProfileInstallReceiver"
261-->[androidx.profileinstaller:profileinstaller:1.3.0] AndroidManifest.xml:35:13-76
262            android:directBootAware="false"
262-->[androidx.profileinstaller:profileinstaller:1.3.0] AndroidManifest.xml:36:13-44
263            android:enabled="true"
263-->[androidx.profileinstaller:profileinstaller:1.3.0] AndroidManifest.xml:37:13-35
264            android:exported="true"
264-->[androidx.profileinstaller:profileinstaller:1.3.0] AndroidManifest.xml:38:13-36
265            android:permission="android.permission.DUMP" >
265-->[androidx.profileinstaller:profileinstaller:1.3.0] AndroidManifest.xml:39:13-57
266            <intent-filter>
266-->[androidx.profileinstaller:profileinstaller:1.3.0] AndroidManifest.xml:40:13-42:29
267                <action android:name="androidx.profileinstaller.action.INSTALL_PROFILE" />
267-->[androidx.profileinstaller:profileinstaller:1.3.0] AndroidManifest.xml:41:17-91
267-->[androidx.profileinstaller:profileinstaller:1.3.0] AndroidManifest.xml:41:25-88
268            </intent-filter>
269            <intent-filter>
269-->[androidx.profileinstaller:profileinstaller:1.3.0] AndroidManifest.xml:43:13-45:29
270                <action android:name="androidx.profileinstaller.action.SKIP_FILE" />
270-->[androidx.profileinstaller:profileinstaller:1.3.0] AndroidManifest.xml:44:17-85
270-->[androidx.profileinstaller:profileinstaller:1.3.0] AndroidManifest.xml:44:25-82
271            </intent-filter>
272            <intent-filter>
272-->[androidx.profileinstaller:profileinstaller:1.3.0] AndroidManifest.xml:46:13-48:29
273                <action android:name="androidx.profileinstaller.action.SAVE_PROFILE" />
273-->[androidx.profileinstaller:profileinstaller:1.3.0] AndroidManifest.xml:47:17-88
273-->[androidx.profileinstaller:profileinstaller:1.3.0] AndroidManifest.xml:47:25-85
274            </intent-filter>
275            <intent-filter>
275-->[androidx.profileinstaller:profileinstaller:1.3.0] AndroidManifest.xml:49:13-51:29
276                <action android:name="androidx.profileinstaller.action.BENCHMARK_OPERATION" />
276-->[androidx.profileinstaller:profileinstaller:1.3.0] AndroidManifest.xml:50:17-95
276-->[androidx.profileinstaller:profileinstaller:1.3.0] AndroidManifest.xml:50:25-92
277            </intent-filter>
278        </receiver>
279
280        <provider
280-->[com.squareup.picasso:picasso:2.71828] AndroidManifest.xml:8:9-11:40
281            android:name="com.squareup.picasso.PicassoProvider"
281-->[com.squareup.picasso:picasso:2.71828] AndroidManifest.xml:9:13-64
282            android:authorities="com.example.angodafake.com.squareup.picasso"
282-->[com.squareup.picasso:picasso:2.71828] AndroidManifest.xml:10:13-72